#Copyright (c) 1988-2012 by Synopsys, Inc.
#
#	CustomExplorer: Version G-2012.06
#	Linux RHEL64 v4.8 May 24 2012 14:36:30
#
#Launch at Mar 11 2019 11:00:39
#
cx_load_preference /tools/synopsys/custom/g201206/etc/.cxrc
cx_select_window {Console} 
cx_resize_window {Console} 928 1028
cx_select_menu_item {Console} {} {File.Open Waveform File...} 
#WaveView is opened.
cx_select_window {Console} 
cx_text_browser_set_text {Console} {} {Log} {Copyright (c) 1988-2012 by Synopsys, Inc.

	CustomExplorer: Version G-2012.06
	Linux RHEL64 v4.8 May 24 2012 14:36:30

Launch at Mar 11 2019 11:00:39

WaveView is opened.
}
cx_select_window {Console} 
